c:\school\directx\027_本間航大\027_本間航大\debug\vc142.pdb
c:\school\directx\027_本間航大\027_本間航大\debug\vc142.idb
c:\school\directx\027_本間航大\027_本間航大\debug\consolewindow.obj
c:\school\directx\027_本間航大\027_本間航大\debug\winmain.obj
c:\school\directx\027_本間航大\027_本間航大\debug\common.obj
c:\school\directx\027_本間航大\027_本間航大\debug\player.obj
c:\school\directx\027_本間航大\027_本間航大\debug\charabase.obj
c:\school\directx\027_本間航大\027_本間航大\debug\enemy.obj
c:\school\directx\027_本間航大\027_本間航大\debug\animation.obj
c:\school\directx\027_本間航大\027_本間航大\debug\draw.obj
c:\school\directx\027_本間航大\027_本間航大\debug\weapon.obj
c:\school\directx\dxlib\027_本間航大\027_本間航大\debug\vc142.pdb
c:\school\directx\dxlib\027_本間航大\027_本間航大\debug\vc142.idb
c:\school\directx\dxlib\027_本間航大\027_本間航大\debug\winmain.obj
c:\school\directx\dxlib\027_本間航大\027_本間航大\debug\weapon.obj
c:\school\directx\dxlib\027_本間航大\027_本間航大\debug\player.obj
c:\school\directx\dxlib\027_本間航大\027_本間航大\debug\enemy.obj
c:\school\directx\dxlib\027_本間航大\027_本間航大\debug\draw.obj
c:\school\directx\dxlib\027_本間航大\027_本間航大\debug\consolewindow.obj
c:\school\directx\dxlib\027_本間航大\027_本間航大\debug\common.obj
c:\school\directx\dxlib\027_本間航大\027_本間航大\debug\animation.obj
c:\school\directx\027_本間航大\debug\027_本間航大.exe
c:\school\directx\027_本間航大\027_本間航大\debug\027_本間航大.ilk
c:\school\directx\027_本間航大\debug\027_本間航大.pdb
c:\school\directx\dxlib\027_本間航大\027_本間航大\debug\027_本間航大.ilk
c:\school\directx\dxlib\027_本間航大\debug\027_本間航大.exe
c:\school\directx\dxlib\027_本間航大\debug\027_本間航大.pdb
c:\school\directx\dxlib\027_本間航大\027_本間航大\debug\charabase.obj
c:\school\directx\dxlib\027_本間航大\027_本間航大\debug\027_本間航大.tlog\cl.command.1.tlog
c:\school\directx\dxlib\027_本間航大\027_本間航大\debug\027_本間航大.tlog\cl.read.1.tlog
c:\school\directx\dxlib\027_本間航大\027_本間航大\debug\027_本間航大.tlog\cl.write.1.tlog
c:\school\directx\dxlib\027_本間航大\027_本間航大\debug\027_本間航大.tlog\link.command.1.tlog
c:\school\directx\dxlib\027_本間航大\027_本間航大\debug\027_本間航大.tlog\link.read.1.tlog
c:\school\directx\dxlib\027_本間航大\027_本間航大\debug\027_本間航大.tlog\link.write.1.tlog
