c:\school\027_本間航大\027_本間航大\debug\vc142.pdb
c:\school\027_本間航大\027_本間航大\debug\vc142.idb
c:\school\027_本間航大\027_本間航大\debug\winmain.obj
c:\school\027_本間航大\027_本間航大\debug\weapon.obj
c:\school\027_本間航大\027_本間航大\debug\player.obj
c:\school\027_本間航大\027_本間航大\debug\hitcheck.obj
c:\school\027_本間航大\027_本間航大\debug\enemy.obj
c:\school\027_本間航大\027_本間航大\debug\draw.obj
c:\school\027_本間航大\027_本間航大\debug\consolewindow.obj
c:\school\027_本間航大\027_本間航大\debug\common.obj
c:\school\027_本間航大\027_本間航大\debug\animation.obj
c:\school\027_本間航大\debug\学園祭ゲーム.exe
c:\school\027_本間航大\027_本間航大\debug\学園祭ゲーム.ilk
c:\school\027_本間航大\debug\学園祭ゲーム.pdb
c:\school\027_本間航大\027_本間航大\debug\027_本間航大.ilk
c:\school\027_本間航大\027_本間航大\debug\学園祭ゲーム.tlog\cl.command.1.tlog
c:\school\027_本間航大\027_本間航大\debug\学園祭ゲーム.tlog\cl.read.1.tlog
c:\school\027_本間航大\027_本間航大\debug\学園祭ゲーム.tlog\cl.write.1.tlog
c:\school\027_本間航大\027_本間航大\debug\学園祭ゲーム.tlog\link.command.1.tlog
c:\school\027_本間航大\027_本間航大\debug\学園祭ゲーム.tlog\link.read.1.tlog
c:\school\027_本間航大\027_本間航大\debug\学園祭ゲーム.tlog\link.write.1.tlog
